[    0.000000] Initializing cgroup subsys cpuset
[    0.000000] Initializing cgroup subsys cpu
[    0.000000] Initializing cgroup subsys cpuacct
[    0.000000] Linux version 4.4.0-210-generic (buildd@lgw01-amd64-009) (gcc version 5.4.0 20160609 (Ubuntu 5.4.0-6ubuntu1~16.04.12) ) #242-Ubuntu SMP Fri Apr 16 09:57:56 UTC 2021 (Ubuntu 4.4.0-210.242-generic 4.4.262)
[    0.000000] Command line: BOOT_IMAGE=/boot/vmlinuz-4.4.0-210-generic root=LABEL=cloudimg-rootfs ro console=tty1 console=ttyS0
[    0.000000] KERNEL supported cpus:
[    0.000000]   Intel GenuineIntel
[    0.000000]   AMD AuthenticAMD
[    0.000000]   Centaur CentaurHauls
[    0.000000] x86/fpu: xstate_offset[2]:  576, xstate_sizes[2]:  256
[    0.000000] x86/fpu: Supporting XSAVE feature 0x01: 'x87 floating point registers'
[    0.000000] x86/fpu: Supporting XSAVE feature 0x02: 'SSE registers'
[    0.000000] x86/fpu: Supporting XSAVE feature 0x04: 'AVX registers'
[    0.000000] x86/fpu: Enabled xstate features 0x7, context size is 832 bytes, using 'standard' format.
[    0.000000] e820: BIOS-provided physical RAM map:
[    0.000000] BIOS-e820: [mem 0x0000000000000000-0x000000000009fbff] usable
[    0.000000] BIOS-e820: [mem 0x000000000009fc00-0x000000000009ffff] reserved
[    0.000000] BIOS-e820: [mem 0x00000000000f0000-0x00000000000fffff] reserved
[    0.000000] BIOS-e820: [mem 0x0000000000100000-0x000000003ffeffff] usable
[    0.000000] BIOS-e820: [mem 0x000000003fff0000-0x000000003fffffff] ACPI data
[    0.000000] BIOS-e820: [mem 0x00000000fec00000-0x00000000fec00fff] reserved
[    0.000000] BIOS-e820: [mem 0x00000000fee00000-0x00000000fee00fff] reserved
[    0.000000] BIOS-e820: [mem 0x00000000fffc0000-0x00000000ffffffff] reserved
[    0.000000] NX (Execute Disable) protection: active
[    0.000000] SMBIOS 2.5 present.
[    0.000000] Hypervisor detected: KVM
[    0.000000] Kernel/User page tables isolation: disabled
[    0.000000] e820: last_pfn = 0x3fff0 max_arch_pfn = 0x400000000
[    0.000000] MTRR: Disabled
[    0.000000] x86/PAT: MTRRs disabled, skipping PAT initialization too.
[    0.000000] CPU MTRRs all blank - virtualized system.
[    0.000000] x86/PAT: Configuration [0-7]: WB  WT  UC- UC  WB  WT  UC- UC  
[    0.000000] found SMP MP-table at [mem 0x0009fff0-0x0009ffff] mapped at [ffff88000009fff0]
[    0.000000] Scanning 1 areas for low memory corruption
[    0.000000] RAMDISK: [mem 0x362dc000-0x37165fff]
[    0.000000] ACPI: Early table checksum verification disabled
[    0.000000] ACPI: RSDP 0x00000000000E0000 000024 (v02 VBOX  )
[    0.000000] ACPI: XSDT 0x000000003FFF0030 00003C (v01 VBOX   VBOXXSDT 00000001 ASL  00000061)
[    0.000000] ACPI: FACP 0x000000003FFF00F0 0000F4 (v04 VBOX   VBOXFACP 00000001 ASL  00000061)
[    0.000000] ACPI: DSDT 0x000000003FFF0610 002353 (v02 VBOX   VBOXBIOS 00000002 INTL 20100528)
[    0.000000] ACPI: FACS 0x000000003FFF0200 000040
[    0.000000] ACPI: FACS 0x000000003FFF0200 000040
[    0.000000] ACPI: APIC 0x000000003FFF0240 00005C (v02 VBOX   VBOXAPIC 00000001 ASL  00000061)
[    0.000000] ACPI: SSDT 0x000000003FFF02A0 00036C (v01 VBOX   VBOXCPUT 00000002 INTL 20100528)
[    0.000000] No NUMA configuration found
[    0.000000] Faking a node at [mem 0x0000000000000000-0x000000003ffeffff]
[    0.000000] NODE_DATA(0) allocated [mem 0x3ffeb000-0x3ffeffff]
[    0.000000] kvm-clock: Using msrs 4b564d01 and 4b564d00
[    0.000000] kvm-clock: cpu 0, msr 0:3ffe3001, primary cpu clock
[    0.000000] kvm-clock: using sched offset of 2916951070 cycles
[    0.000000] clocksource: kvm-clock: mask: 0xffffffffffffffff max_cycles: 0x1cd42e4dffb, max_idle_ns: 881590591483 ns
[    0.000000] Zone ranges:
[    0.000000]   DMA      [mem 0x0000000000001000-0x0000000000ffffff]
[    0.000000]   DMA32    [mem 0x0000000001000000-0x000000003ffeffff]
[    0.000000]   Normal   empty
[    0.000000]   Device   empty
[    0.000000] Movable zone start for each node
[    0.000000] Early memory node ranges
[    0.000000]   node   0: [mem 0x0000000000001000-0x000000000009efff]
[    0.000000]   node   0: [mem 0x0000000000100000-0x000000003ffeffff]
[    0.000000] Initmem setup node 0 [mem 0x0000000000001000-0x000000003ffeffff]
[    0.000000] ACPI: PM-Timer IO Port: 0x4008
[    0.000000] IOAPIC[0]: apic_id 2, version 32, address 0xfec00000, GSI 0-23
[    0.000000] ACPI: INT_SRC_OVR (bus 0 bus_irq 0 global_irq 2 dfl dfl)
[    0.000000] ACPI: INT_SRC_OVR (bus 0 bus_irq 9 global_irq 9 low level)
[    0.000000] Using ACPI (MADT) for SMP configuration information
[    0.000000] smpboot: Allowing 2 CPUs, 0 hotplug CPUs
[    0.000000] PM: Registered nosave memory: [mem 0x00000000-0x00000fff]
[    0.000000] PM: Registered nosave memory: [mem 0x0009f000-0x0009ffff]
[    0.000000] PM: Registered nosave memory: [mem 0x000a0000-0x000effff]
[    0.000000] PM: Registered nosave memory: [mem 0x000f0000-0x000fffff]
[    0.000000] e820: [mem 0x40000000-0xfebfffff] available for PCI devices
[    0.000000] Booting paravirtualized kernel on KVM
[    0.000000] clocksource: refined-jiffies: mask: 0xffffffff max_cycles: 0xffffffff, max_idle_ns: 7645519600211568 ns
[    0.000000] setup_percpu: NR_CPUS:512 nr_cpumask_bits:512 nr_cpu_ids:2 nr_node_ids:1
[    0.000000] PERCPU: Embedded 33 pages/cpu @ffff88003fc00000 s95192 r8192 d31784 u1048576
[    0.000000] Built 1 zonelists in Node order, mobility grouping on.  Total pages: 257912
[    0.000000] Policy zone: DMA32
[    0.000000] Kernel command line: BOOT_IMAGE=/boot/vmlinuz-4.4.0-210-generic root=LABEL=cloudimg-rootfs ro console=tty1 console=ttyS0
[    0.000000] PID hash table entries: 4096 (order: 3, 32768 bytes)
[    0.000000] Memory: 997792K/1048120K available (8644K kernel code, 1332K rwdata, 4044K rodata, 1492K init, 1164K bss, 50328K reserved, 0K cma-reserved)
[    0.000000] SLUB: HWalign=64, Order=0-3, MinObjects=0, CPUs=2, Nodes=1
[    0.000000] Hierarchical RCU implementation.
[    0.000000] 	Build-time adjustment of leaf fanout to 64.
[    0.000000] 	RCU restricting CPUs from NR_CPUS=512 to nr_cpu_ids=2.
[    0.000000] RCU: Adjusting geometry for rcu_fanout_leaf=64, nr_cpu_ids=2
[    0.000000] NR_IRQS:33024 nr_irqs:440 16
[    0.000000] Console: colour VGA+ 80x25
[    0.000000] console [tty1] enabled
[    0.000000] console [ttyS0] enabled
[    0.000000] tsc: Detected 2903.996 MHz processor
[    0.106667] Calibrating delay loop (skipped) preset value.. 5807.99 BogoMIPS (lpj=11615984)
[    0.107922] pid_max: default: 32768 minimum: 301
[    0.108756] ACPI: Core revision 20150930
[    0.110059] ACPI: 2 ACPI AML tables successfully acquired and loaded
[    0.111064] Security Framework initialized
[    0.111674] Yama: becoming mindful.
[    0.112235] AppArmor: AppArmor initialized
[    0.112893] Dentry cache hash table entries: 131072 (order: 8, 1048576 bytes)
[    0.113969] Inode-cache hash table entries: 65536 (order: 7, 524288 bytes)
[    0.115071] Mount-cache hash table entries: 2048 (order: 2, 16384 bytes)
[    0.115970] Mountpoint-cache hash table entries: 2048 (order: 2, 16384 bytes)
[    0.117013] Initializing cgroup subsys io
[    0.117622] Initializing cgroup subsys memory
[    0.118270] Initializing cgroup subsys devices
[    0.118981] Initializing cgroup subsys freezer
[    0.119635] Initializing cgroup subsys net_cls
[    0.120289] Initializing cgroup subsys perf_event
[    0.120966] Initializing cgroup subsys net_prio
[    0.121632] Initializing cgroup subsys hugetlb
[    0.122283] Initializing cgroup subsys pids
[    0.131694] mce: CPU supports 0 MCE banks
[    0.132319] Last level iTLB entries: 4KB 64, 2MB 8, 4MB 8
[    0.133074] Last level dTLB entries: 4KB 64, 2MB 0, 4MB 0, 1GB 4
[    0.133898] Spectre V1 : Mitigation: usercopy/swapgs barriers and __user pointer sanitization
[    0.135297] Spectre V2 : Mitigation: Full generic retpoline
[    0.136069] Spectre V2 : Spectre v2 / SpectreRSB mitigation: Filling RSB on context switch
[    0.137276] Speculative Store Bypass: Vulnerable
[    0.139749] Freeing SMP alternatives memory: 36K
[    0.144368] ftrace: allocating 32380 entries in 127 pages
[    0.185778] smpboot: APIC(0) Converting physical 0 to logical package 0
[    0.187009] smpboot: Max logical packages: 1
[    0.187920] x2apic enabled
[    0.188725] Switched APIC routing to physical x2apic.
[    0.190240] ..TIMER: vector=0x30 apic1=0 pin1=2 apic2=-1 pin2=-1
[    0.299198] smpboot: CPU0: Intel(R) Core(TM) i7-10700 CPU @ 2.90GHz (family: 0x6, model: 0xa5, stepping: 0x5)
[    0.301122] Performance Events: unsupported p6 CPU model 165 no PMU driver, software events only.
[    0.308958] KVM setup paravirtual spinlock
[    0.310177] x86: Booting SMP configuration:
[    0.310809] .... node  #0, CPUs:      #1
[    0.311517] kvm-clock: cpu 1, msr 0:3ffe3041, secondary cpu clock
[    0.320633] mce: CPU supports 0 MCE banks
[    0.323402] x86: Booted up 1 node, 2 CPUs
[    0.324601] smpboot: Total of 2 processors activated (11615.98 BogoMIPS)
[    0.326247] devtmpfs: initialized
[    0.328815] evm: security.selinux
[    0.329512] evm: security.SMACK64
[    0.330118] evm: security.SMACK64EXEC
[    0.330747] evm: security.SMACK64TRANSMUTE
[    0.331459] evm: security.SMACK64MMAP
[    0.332130] evm: security.ima
[    0.332688] evm: security.capability
[    0.333456] clocksource: jiffies: mask: 0xffffffff max_cycles: 0xffffffff, max_idle_ns: 7645041785100000 ns
[    0.334988] futex hash table entries: 512 (order: 3, 32768 bytes)
[    0.336018] pinctrl core: initialized pinctrl subsystem
[    0.336902] RTC time:  3:55:21, date: 01/30/23
[    0.337891] NET: Registered protocol family 16
[    0.347664] cpuidle: using governor ladder
[    0.360190] cpuidle: using governor menu
[    0.361060] PCCT header not found.
[    0.362002] ACPI: bus type PCI registered
[    0.362902] acpiphp: ACPI Hot Plug PCI Controller Driver version: 0.5
[    0.364094] PCI: Using configuration type 1 for base access
[    0.377213] ACPI: Added _OSI(Module Device)
[    0.378016] ACPI: Added _OSI(Processor Device)
[    0.378876] ACPI: Added _OSI(3.0 _SCP Extensions)
[    0.379754] ACPI: Added _OSI(Processor Aggregator Device)
[    0.381214] ACPI: Executed 1 blocks of module-level executable AML code
[    0.383800] ACPI: Interpreter enabled
[    0.384418] ACPI: (supports S0 S5)
[    0.384993] ACPI: Using IOAPIC for interrupt routing
[    0.385802] PCI: Using host bridge windows from ACPI; if necessary, use "pci=nocrs" and report a bug
[    0.389488] ACPI: PCI Root Bridge [PCI0] (domain 0000 [bus 00-ff])
[    0.390340] acpi PNP0A03:00: _OSC: OS supports [ASPM ClockPM Segments MSI]
[    0.391459] acpi PNP0A03:00: _OSC: not requesting OS control; OS requires [ExtendedConfig ASPM ClockPM MSI]
[    0.393268] acpi PNP0A03:00: fail to add MMCONFIG information, can't access extended PCI configuration space under this bridge.
[    0.395754] PCI host bridge to bus 0000:00
[    0.396437] pci_bus 0000:00: root bus resource [io  0x0000-0x0cf7 window]
[    0.397439] pci_bus 0000:00: root bus resource [io  0x0d00-0xffff window]
[    0.398491] pci_bus 0000:00: root bus resource [mem 0x000a0000-0x000bffff window]
[    0.399684] pci_bus 0000:00: root bus resource [mem 0x40000000-0xfdffffff window]
[    0.400835] pci_bus 0000:00: root bus resource [bus 00-ff]
[    0.402866] pci 0000:00:01.1: legacy IDE quirk: reg 0x10: [io  0x01f0-0x01f7]
[    0.404045] pci 0000:00:01.1: legacy IDE quirk: reg 0x14: [io  0x03f6]
[    0.405159] pci 0000:00:01.1: legacy IDE quirk: reg 0x18: [io  0x0170-0x0177]
[    0.406320] pci 0000:00:01.1: legacy IDE quirk: reg 0x1c: [io  0x0376]
[    0.420559] pci 0000:00:07.0: quirk: [io  0x4000-0x403f] claimed by PIIX4 ACPI
[    0.429076] pci 0000:00:07.0: quirk: [io  0x4100-0x410f] claimed by PIIX4 SMB
[    0.435303] ACPI: PCI Interrupt Link [LNKA] (IRQs 5 9 10 *11)
[    0.436507] ACPI: PCI Interrupt Link [LNKB] (IRQs 5 9 *10 11)
[    0.437748] ACPI: PCI Interrupt Link [LNKC] (IRQs 5 *9 10 11)
[    0.438889] ACPI: PCI Interrupt Link [LNKD] (IRQs 5 9 10 *11)
[    0.440167] ACPI: Enabled 2 GPEs in block 00 to 07
[    0.441195] vgaarb: setting as boot device: PCI:0000:00:02.0
[    0.441991] vgaarb: device added: PCI:0000:00:02.0,decodes=io+mem,owns=io+mem,locks=none
[    0.444109] vgaarb: loaded
[    0.444950] vgaarb: bridge control possible 0000:00:02.0
[    0.445975] SCSI subsystem initialized
[    0.446663] ACPI: bus type USB registered
[    0.447306] usbcore: registered new interface driver usbfs
[    0.448121] usbcore: registered new interface driver hub
[    0.448894] usbcore: registered new device driver usb
[    0.449777] PCI: Using ACPI for IRQ routing
[    0.450615] NetLabel: Initializing
[    0.451164] NetLabel:  domain hash size = 128
[    0.451808] NetLabel:  protocols = UNLABELED CIPSOv4
[    0.452691] NetLabel:  unlabeled traffic allowed by default
[    0.453630] amd_nb: Cannot enumerate AMD northbridges
[    0.454493] clocksource: Switched to clocksource kvm-clock
[    0.459227] AppArmor: AppArmor Filesystem Enabled
[    0.460059] pnp: PnP ACPI init
[    0.461155] pnp: PnP ACPI: found 3 devices
[    0.469785] clocksource: acpi_pm: mask: 0xffffff max_cycles: 0xffffff, max_idle_ns: 2085701024 ns
[    0.471160] NET: Registered protocol family 2
[    0.471914] TCP established hash table entries: 8192 (order: 4, 65536 bytes)
[    0.473091] TCP bind hash table entries: 8192 (order: 5, 131072 bytes)
[    0.474162] TCP: Hash tables configured (established 8192 bind 8192)
[    0.475076] UDP hash table entries: 512 (order: 2, 16384 bytes)
[    0.475913] UDP-Lite hash table entries: 512 (order: 2, 16384 bytes)
[    0.476868] NET: Registered protocol family 1
[    0.477549] pci 0000:00:00.0: Limiting direct PCI/PCI transfers
[    0.478383] pci 0000:00:01.0: Activating ISA DMA hang workarounds
[    0.479466] Unpacking initramfs...
[    0.627714] Freeing initrd memory: 14888K
[    0.628778] clocksource: tsc: mask: 0xffffffffffffffff max_cycles: 0x29dc020bb13, max_idle_ns: 440795273180 ns
[    0.630508] platform rtc_cmos: registered platform RTC device (no PNP device found)
[    0.631799] Scanning for low memory corruption every 60 seconds
[    0.633066] audit: initializing netlink subsys (disabled)
[    0.633847] audit: type=2000 audit(1675050926.215:1): initialized
[    0.634943] Initialise system trusted keyring
[    0.635847] HugeTLB registered 2 MB page size, pre-allocated 0 pages
[    0.637519] zbud: loaded
[    0.638263] VFS: Disk quotas dquot_6.6.0
[    0.638930] VFS: Dquot-cache hash table entries: 512 (order 0, 4096 bytes)
[    0.640001] squashfs: version 4.0 (2009/01/31) Phillip Lougher
[    0.641220] fuse init (API version 7.23)
[    0.642025] Key type big_key registered
[    0.642685] Allocating IMA MOK and blacklist keyrings.
[    0.644398] Key type asymmetric registered
[    0.645080] Asymmetric key parser 'x509' registered
[    0.646003] Block layer SCSI generic (bsg) driver version 0.4 loaded (major 249)
[    0.647228] io scheduler noop registered
[    0.647873] io scheduler deadline registered (default)
[    0.648627] io scheduler cfq registered
[    0.649341] pci_hotplug: PCI Hot Plug PCI Core version: 0.5
[    0.650161] pciehp: PCI Express Hot Plug Controller Driver version: 0.4
[    0.651247] ACPI: AC Adapter [AC] (on-line)
[    0.651912] input: Power Button as /devices/LNXSYSTM:00/LNXPWRBN:00/input/input0
[    0.653069] ACPI: Power Button [PWRF]
[    0.653740] input: Sleep Button as /devices/LNXSYSTM:00/LNXSLPBN:00/input/input1
[    0.654858] ACPI: Sleep Button [SLPF]
[    0.655538] GHES: HEST is not enabled!
[    0.656259] Serial: 8250/16550 driver, 32 ports, IRQ sharing enabled
[    0.677531] 00:02: ttyS0 at I/O 0x3f8 (irq = 4, base_baud = 115200) is a 16550A
[    0.681091] Linux agpgart interface v0.103
[    0.682930] loop: module loaded
[    0.683791] scsi host0: ata_piix
[    0.684434] scsi host1: ata_piix
[    0.684967] ata1: PATA max UDMA/33 cmd 0x1f0 ctl 0x3f6 bmdma 0xd000 irq 14
[    0.685980] ata2: PATA max UDMA/33 cmd 0x170 ctl 0x376 bmdma 0xd008 irq 15
[    0.687105] libphy: Fixed MDIO Bus: probed
[    0.687798] tun: Universal TUN/TAP device driver, 1.6
[    0.688573] tun: (C) 1999-2004 Max Krasnyansky <maxk@qualcomm.com>
[    0.689487] PPP generic driver version 2.4.2
[    0.690268] ehci_hcd: USB 2.0 'Enhanced' Host Controller (EHCI) Driver
[    0.691286] ehci-pci: EHCI PCI platform driver
[    0.691983] ehci-platform: EHCI generic platform driver
[    0.692822] ohci_hcd: USB 1.1 'Open' Host Controller (OHCI) Driver
[    0.693724] ohci-pci: OHCI PCI platform driver
[    0.694385] ohci-platform: OHCI generic platform driver
[    0.695153] uhci_hcd: USB Universal Host Controller Interface driver
[    0.696094] i8042: PNP: PS/2 Controller [PNP0303:PS2K,PNP0f03:PS2M] at 0x60,0x64 irq 1,12
[    0.697660] serio: i8042 KBD port at 0x60,0x64 irq 1
[    0.698428] serio: i8042 AUX port at 0x60,0x64 irq 12
[    0.699394] mousedev: PS/2 mouse device common for all mice
[    0.700394] input: AT Translated Set 2 keyboard as /devices/platform/i8042/serio0/input/input2
[    0.702038] rtc_cmos rtc_cmos: rtc core: registered rtc_cmos as rtc0
[    0.703010] rtc_cmos rtc_cmos: alarms up to one day, 114 bytes nvram
[    0.703918] i2c /dev entries driver
[    0.704495] device-mapper: uevent: version 1.0.3
[    0.705300] device-mapper: ioctl: 4.34.0-ioctl (2015-10-28) initialised: dm-devel@redhat.com
[    0.706528] ledtrig-cpu: registered to indicate activity on CPUs
[    0.707755] NET: Registered protocol family 10
[    0.708622] NET: Registered protocol family 17
[    0.709466] Key type dns_resolver registered
[    0.710918] registered taskstats version 1
[    0.711566] Loading compiled-in X.509 certificates
[    0.712624] Loaded X.509 cert 'Build time autogenerated kernel key: cf00e047681d67edb2720680708b7d9498083038'
[    0.714112] zswap: loaded using pool lzo/zbud
[    0.716242] Key type trusted registered
[    0.718840] Key type encrypted registered
[    0.719466] AppArmor: AppArmor sha1 policy hashing enabled
[    0.720242] ima: No TPM chip found, activating TPM-bypass!
[    0.721029] ima: Allocated hash algorithm: sha1
[    0.721708] evm: HMAC attrs: 0x1
[    0.722446]   Magic number: 7:430:918
[    0.723103] rtc_cmos rtc_cmos: setting system clock to 2023-01-30 03:55:21 UTC (1675050921)
[    0.724374] BIOS EDD facility v0.16 2004-Jun-25, 0 devices found
[    0.725197] EDD information not available.
[    0.876784] Freeing unused kernel memory: 1492K
[    0.877632] Write protecting the kernel read-only data: 14336k
[    0.879074] Freeing unused kernel memory: 1584K
[    0.879878] Freeing unused kernel memory: 52K
Loading, please wait...
starting version 229
[    0.887988] random: systemd-udevd: uninitialized urandom read (16 bytes read, 3 bits of entropy available)
[    0.888385] random: udevadm: uninitialized urandom read (16 bytes read, 3 bits of entropy available)
[    0.888399] random: udevadm: uninitialized urandom read (16 bytes read, 3 bits of entropy available)
[    0.892166] random: systemd-udevd: uninitialized urandom read (16 bytes read, 3 bits of entropy available)
[    0.892257] random: udevadm: uninitialized urandom read (16 bytes read, 3 bits of entropy available)
[    0.892309] random: udevadm: uninitialized urandom read (16 bytes read, 3 bits of entropy available)
[    0.892384] random: udevadm: uninitialized urandom read (16 bytes read, 3 bits of entropy available)
[    0.892415] random: udevadm: uninitialized urandom read (16 bytes read, 3 bits of entropy available)
[    0.892446] random: udevadm: uninitialized urandom read (16 bytes read, 3 bits of entropy available)
[    0.892475] random: udevadm: uninitialized urandom read (16 bytes read, 3 bits of entropy available)
[    0.922158] e1000: Intel(R) PRO/1000 Network Driver - version 7.3.21-k8-NAPI
[    0.923139] e1000: Copyright (c) 1999-2006 Intel Corporation.
[    0.924042] Fusion MPT base driver 3.04.20
[    0.925075] Copyright (c) 1999-2008 LSI Corporation
[    0.929124] Fusion MPT SPI Host driver 3.04.20
[    0.946347] AVX2 version of gcm_enc/dec engaged.
[    0.947324] AES CTR mode by8 optimization enabled
[    1.135894] input: ImExPS/2 Generic Explorer Mouse as /devices/platform/i8042/serio1/input/input4
[    1.279790] e1000 0000:00:03.0 eth0: (PCI:33MHz:32-bit) 02:be:82:6b:cc:1d
[    1.281076] e1000 0000:00:03.0 eth0: Intel(R) PRO/1000 Network Connection
[    1.282620] mptbase: ioc0: Initiating bringup
[    1.355177] ioc0: LSI53C1030 A0: Capabilities={Initiator}
[    1.516858] scsi host2: ioc0: LSI53C1030 A0, FwRev=00000000h, Ports=1, MaxQ=256, IRQ=20
[    1.627039] scsi 2:0:0:0: Direct-Access     VBOX     HARDDISK         1.0  PQ: 0 ANSI: 5
[    1.628724] scsi target2:0:0: Beginning Domain Validation
[    1.630910] scsi target2:0:0: Domain Validation skipping write tests
[    1.632057] scsi target2:0:0: Ending Domain Validation
[    1.633001] scsi target2:0:0: asynchronous
[    1.634113] scsi 2:0:1:0: Direct-Access     VBOX     HARDDISK         1.0  PQ: 0 ANSI: 5
[    1.635499] scsi target2:0:1: Beginning Domain Validation
[    1.636733] scsi target2:0:1: Domain Validation skipping write tests
[    1.637810] scsi target2:0:1: Ending Domain Validation
[    1.638814] scsi target2:0:1: asynchronous
[    1.643609] sd 2:0:0:0: Attached scsi generic sg0 type 0
[    1.644538] sd 2:0:0:0: [sda] 83886080 512-byte logical blocks: (42.9 GB/40.0 GiB)
[    1.653354] sd 2:0:1:0: [sdb] 20480 512-byte logical blocks: (10.5 MB/10.0 MiB)
[    1.653532] sd 2:0:1:0: Attached scsi generic sg1 type 0
[    1.653799] sd 2:0:0:0: [sda] Write Protect is off
[    1.653850] sd 2:0:0:0: [sda] Incomplete mode parameter data
[    1.653850] sd 2:0:0:0: [sda] Assuming drive cache: write through
[    1.655268]  sda: sda1
[    1.655730] sd 2:0:0:0: [sda] Attached SCSI disk
[    1.659635] sd 2:0:1:0: [sdb] Write Protect is off
[    1.660525] sd 2:0:1:0: [sdb] Incomplete mode parameter data
[    1.661563] sd 2:0:1:0: [sdb] Assuming drive cache: write through
[    1.668577] sd 2:0:1:0: [sdb] Attached SCSI disk
[    2.076888] e1000 0000:00:08.0 eth1: (PCI:33MHz:32-bit) 08:00:27:eb:ef:f8
[    2.078418] e1000 0000:00:08.0 eth1: Intel(R) PRO/1000 Network Connection
[    2.080025] e1000 0000:00:08.0 enp0s8: renamed from eth1
[    2.091392] e1000 0000:00:03.0 enp0s3: renamed from eth0
Begin: Loading essential drivers ... [    3.317252] md: linear personality registered for level -1
[    3.319819] md: multipath personality registered for level -4
[    3.322144] md: raid0 personality registered for level 0
[    3.325018] md: raid1 personality registered for level 1
[    3.394636] raid6: sse2x1   gen() 13363 MB/s
[    3.462557] raid6: sse2x1   xor()  8903 MB/s
[    3.530593] raid6: sse2x2   gen() 19458 MB/s
[    3.598708] raid6: sse2x2   xor() 11458 MB/s
[    3.666538] raid6: sse2x4   gen() 18257 MB/s
[    3.734606] raid6: sse2x4   xor() 11477 MB/s
[    3.802552] raid6: avx2x1   gen() 24221 MB/s
[    3.870578] raid6: avx2x2   gen() 31364 MB/s
[    3.943210] raid6: avx2x4   gen() 37610 MB/s
[    3.943950] raid6: using algorithm avx2x4 gen() 37610 MB/s
[    3.944838] raid6: using avx2x2 recovery algorithm
[    3.946521] xor: automatically using best checksumming function:
[    3.986507]    avx       : 29095.000 MB/sec
[    3.988437] async_tx: api initialized (async)
[    3.995623] md: raid6 personality registered for level 6
[    3.996622] md: raid5 personality registered for level 5
[    3.997696] md: raid4 personality registered for level 4
[    4.004537] md: raid10 personality registered for level 10
done.
Begin: Running /scripts/init-premount ... done.
Begin: Mounting root file system ... Begin: Running /scripts/local-top ... done.
Begin: Running /scripts/local-premount ... [    4.025145] Btrfs loaded
Scanning for Btrfs filesystems
done.
Warning: fsck not present, so skipping root file system
[    4.074162] EXT4-fs (sda1): INFO: recovery required on readonly filesystem
[    4.075422] EXT4-fs (sda1): write access will be enabled during recovery
[    4.129056] EXT4-fs (sda1): recovery complete
[    4.129941] EXT4-fs (sda1): mounted filesystem with ordered data mode. Opts: (null)
done.
Begin: Running /scripts/local-bottom ... done.
Begin: Running /scripts/init-bottom ... done.
[    4.290019] systemd[1]: systemd 229 running in system mode. (+PAM +AUDIT +SELINUX +IMA +APPARMOR +SMACK +SYSVINIT +UTMP +LIBCRYPTSETUP +GCRYPT +GNUTLS +ACL +XZ -LZ4 +SECCOMP +BLKID +ELFUTILS +KMOD -IDN)
[    4.292638] systemd[1]: Detected virtualization oracle.
[    4.293387] systemd[1]: Detected architecture x86-64.

Welcome to [1mUbuntu 16.04.7 LTS[0m!

[    4.297971] systemd[1]: Set hostname to <web01>.
[    4.552451] systemd[1]: Created slice User and Session Slice.
[[0;32m  OK  [0m] Created slice User and Session Slice.
[    4.553941] systemd[1]: Listening on /dev/initctl Compatibility Named Pipe.
[[0;32m  OK  [0m] Listening on /dev/initctl Compatibility Named Pipe.
[    4.555745] systemd[1]: Listening on Journal Audit Socket.
[[0;32m  OK  [0m] Listening on Journal Audit Socket.
[    4.557239] systemd[1]: Listening on udev Control Socket.
[[0;32m  OK  [0m] Listening on udev Control Socket.
[    4.558947] systemd[1]: Set up automount Arbitrary Executable File Formats File System Automount Point.
[[0;32m  OK  [0m] Set up automount Arbitrary Executab...ats File System Automount Point.
[    4.561310] systemd[1]: Listening on Device-mapper event daemon FIFOs.
[[0;32m  OK  [0m] Listening on Device-mapper event daemon FIFOs.
[    4.562955] systemd[1]: Reached target System Time Synchronized.
[[0;32m  OK  [0m] Reached target System Time Synchronized.
[    4.570660] systemd[1]: Started Trigger resolvconf update for networkd DNS.
[[0;32m  OK  [0m] Started Trigger resolvconf update for networkd DNS.
[    4.572523] systemd[1]: Reached target User and Group Name Lookups.
[[0;32m  OK  [0m] Reached target User and Group Name Lookups.
[    4.574039] systemd[1]: Listening on udev Kernel Socket.
[[0;32m  OK  [0m] Listening on udev Kernel Socket.
[    4.575439] systemd[1]: Listening on Journal Socket (/dev/log).
[[0;32m  OK  [0m] Listening on Journal Socket (/dev/log).
[    4.583462] systemd[1]: Created slice System Slice.
[[0;32m  OK  [0m] Created slice System Slice.
[    4.584855] systemd[1]: Created slice system-serial\x2dgetty.slice.
[[0;32m  OK  [0m] Created slice system-serial\x2dgetty.slice.
[    4.586420] systemd[1]: Reached target Encrypted Volumes.
[[0;32m  OK  [0m] Reached target Encrypted Volumes.
[    4.587806] systemd[1]: Listening on LVM2 metadata daemon socket.
[[0;32m  OK  [0m] Listening on LVM2 metadata daemon socket.
[    4.589323] systemd[1]: Listening on LVM2 poll daemon socket.
[[0;32m  OK  [0m] Listening on LVM2 poll daemon socket.
[    4.590759] systemd[1]: Reached target Slices.
[[0;32m  OK  [0m] Reached target Slices.
[    4.591940] systemd[1]: Listening on Syslog Socket.
[[0;32m  OK  [0m] Listening on Syslog Socket.
[    4.593219] systemd[1]: Reached target Swap.
[[0;32m  OK  [0m] Reached target Swap.
[    4.594354] systemd[1]: Listening on fsck to fsckd communication Socket.
[[0;32m  OK  [0m] Listening on fsck to fsckd communication Socket.
[    4.602913] systemd[1]: Started Forward Password Requests to Wall Directory Watch.
[[0;32m  OK  [0m] Started Forward Password Requests to Wall Directory Watch.
[    4.604884] systemd[1]: Listening on Journal Socket.
[[0;32m  OK  [0m] Listening on Journal Socket.
[    4.615531] systemd[1]: Starting Create list of required static device nodes for the current kernel...
         Starting Create list of required st... nodes for the current kernel...
[    4.619058] systemd[1]: Mounting POSIX Message Queue File System...
         Mounting POSIX Message Queue File System...
[    4.621098] systemd[1]: Starting Set console keymap...
         Starting Set console keymap...
[    4.630456] systemd[1]: Starting File System Check on Root Device...
         Starting File System Check on Root Device...
[    4.633419] systemd[1]: Starting Monitoring of LVM2 mirrors, snapshots etc. using dmeventd or progress polling...
         Starting Monitoring of LVM2 mirrors... dmeventd or progress polling...
[    4.637307] systemd[1]: Mounting Debug File System...
         Mounting Debug File System...
[    4.639227] systemd[1]: Starting Journal Service...
         Starting Journal Service...
[    4.641496] systemd[1]: Starting Nameserver information manager...
         Starting Nameserver information manager...
[    4.645096] systemd[1]: Starting Load Kernel Modules...
         Starting Load Kernel Modules...
[    4.647347] systemd[1]: Starting Uncomplicated firewall...
         Starting Uncomplicated firewall...
[    4.649468] systemd[1]: Mounting Huge Pages File System...
         Mounting Huge Pages File System...
[    4.652482] systemd[1]: Mounted Huge Pages File System.
[[0;32m  OK  [0m] Mounted Huge Pages File System.
[    4.654079] systemd[1]: Mounted POSIX Message Queue File System.
[[0;32m  OK  [0m] Mounted POSIX Message Queue File System.
[    4.655820] systemd[1]: Mounted Debug File System.
[[0;32m  OK  [0m] Mounted Debug File System.
[    4.657594] systemd[1]: Started Create list of required static device nodes for the current kernel.

    4.659291] Loading iSCSI transport class v2.0-870.
[[0;32m  OK  [0m] Started Create list of required sta...ce nodes for the current kernel.
[    4.661922] systemd[1]: Started File System Check on Root Device.
[[0;32m  OK  [0m] Started File System Check on Root Device.
[    4.668389] iscsi: registered transport (tcp)
[    4.671160] systemd[1]: Started Uncomplicated firewall.
[[0;32m  OK  [0m] Started Uncomplicated firewall.
[    4.673055] systemd[1]: Started Nameserver information manager.
[[0;32m  OK  [0m] Started Nameserver information manager.
[    4.675565] systemd[1]: Started Journal Service.
[[0;32m  OK  [0m] Started Journal Service.
[[0;32m  OK  [0m] Started LVM2 metadata daemon.
[[0;32m  OK  [0m] Started File System Check Daemon to report status.
         Starting Remount Root and Kernel File Systems...
         Starting Create Static Device Nodes in /dev...
[    4.685773] EXT4-fs (sda1): re-mounted. Opts: (null)
[[0;32m  OK  [0m] Started Remount Root and Kernel File Systems.
         Starting Flush Journal to Persistent Storage...
         Starting udev Coldplug all Devices...
         Starting Load/Save Random Seed...
[[0;32m  OK  [0m] Started Load/Save Random Seed.
[[0;32m  OK  [0m] Started Create Static Device Nodes in /dev.
[[0;32m  OK  [0m] Started Set console keymap.
[    4.714345] iscsi: registered transport (iser)
[[0;32m  OK  [0m] Started Load Kernel Modules.
         Mounting FUSE Control File System...
         Starting Apply Kernel Variables...
         Starting udev Kernel Device Manager...
[[0;32m  OK  [0m] Mounted FUSE Control File System.
[    4.727305] systemd-journald[381]: Received request to flush runtime journal from PID 1
[[0;32m  OK  [0m] Started Flush Journal to Persistent Storage.
[[0;32m  OK  [0m] Started Apply Kernel Variables.
[[0;32m  OK  [0m] Started udev Coldplug all Devices.
[[0;32m  OK  [0m] Started udev Kernel Device Manager.
[[0;32m  OK  [0m] Started Dispatch Password Requests to Console Directory Watch.
[[0;32m  OK  [0m] Found device /dev/ttyS0.
[[0;32m  OK  [0m] Listening on Load/Save RF Kill Switch Status /dev/rfkill Watch.
[[0;32m  OK  [0m] Found device 82540EM Gigabit Ethern...r (PRO/1000 MT Desktop Adapter).
[[0;32m  OK  [0m] Found device 82540EM Gigabit Ethern...r (PRO/1000 MT Desktop Adapter).
[[0;32m  OK  [0m] Started Monitoring of LVM2 mirrors,...ng dmeventd or progress polling.
[[0;32m  OK  [0m] Reached target Local File Systems (Pre).
[[0;32m  OK  [0m] Reached target Local File Systems.
         Starting Create Volatile Files and Directories...
         Starting Set console font and keymap...
         Starting Tell Plymouth To Write Out Runtime Data...
         Starting LSB: AppArmor initialization...
         Starting Initial cloud-init job (pre-networking)...
[[0;32m  OK  [0m] Started Create Volatile Files and Directories.
[[0;32m  OK  [0m] Started Tell Plymouth To Write Out Runtime Data.
         Starting Update UTMP about System Boot/Shutdown...
[[0;32m  OK  [0m] Started Update UTMP about System Boot/Shutdown.
[[0;32m  OK  [0m] Started LSB: AppArmor initialization.
         Starting Load AppArmor profiles managed internally by snapd...
[[0;32m  OK  [0m] Started Load AppArmor profiles managed internally by snapd.
[[0;32m  OK  [0m] Started Set console font and keymap.
[[0;32m  OK  [0m] Created slice system-getty.slice.
[    5.629619] cloud-init[672]: Cloud-init v. 21.1-19-gbad84ad4-0ubuntu1~16.04.2 running 'init-local' at Mon, 30 Jan 2023 03:55:26 +0000. Up 5.48 seconds.
[[0;32m  OK  [0m] Started Initial cloud-init job (pre-networking).
[[0;32m  OK  [0m] Reached target Network (Pre).
[[0;32m  OK  [0m] Started ifup for enp0s3.
[[0;32m  OK  [0m] Started ifup for enp0s8.
         Starting Raise network interfaces...
[[0;32m  OK  [0m] Started Raise network interfaces.
         Starting Initial cloud-init job (metadata service crawler)...
[[0;32m  OK  [0m] Reached target Network.
[    6.066956] cloud-init[1076]: Cloud-init v. 21.1-19-gbad84ad4-0ubuntu1~16.04.2 running 'init' at Mon, 30 Jan 2023 03:55:26 +0000. Up 5.93 seconds.
[    6.068359] cloud-init[1076]: ci-info: ++++++++++++++++++++++++++++++++++++++Net device info+++++++++++++++++++++++++++++++++++++++
[    6.069630] cloud-init[1076]: ci-info: +--------+------+-----------------------------+---------------+--------+-------------------+
[    6.070921] cloud-init[1076]: ci-info: | Device |  Up  |           Address           |      Mask     | Scope  |     Hw-Address    |
[    6.072237] cloud-init[1076]: ci-info: +--------+------+-----------------------------+---------------+--------+-------------------+
[    6.073358] cloud-init[1076]: ci-info: | enp0s3 | True |          10.0.2.15          | 255.255.255.0 | global | 02:be:82:6b:cc:1d |
[    6.074660] cloud-init[1076]: ci-info: | enp0s3 | True |  fe80::be:82ff:fe6b:cc1d/64 |       .       |  link  | 02:be:82:6b:cc:1d |
[    6.075922] cloud-init[1076]: ci-info: | enp0s8 | True |         10.32.16.11         | 255.255.255.0 | global | 08:00:27:eb:ef:f8 |
[    6.077275] cloud-init[1076]: ci-info: | enp0s8 | True | fe80::a00:27ff:feeb:eff8/64 |       .       |  link  | 08:00:27:eb:ef:f8 |
[    6.078500] cloud-init[1076]: ci-info: |   lo   | True |          127.0.0.1          |   255.0.0.0   |  host  |         .         |
[    6.079810] cloud-init[1076]: ci-info: |   lo   | True |           ::1/128           |       .       |  host  |         .         |
[    6.081078] cloud-init[1076]: ci-info: +--------+------+-----------------------------+---------------+--------+-------------------+
[    6.082347] cloud-init[1076]: ci-info: +++++++++++++++++++++++++++Route IPv4 info++++++++++++++++++++++++++++
[    6.083437] cloud-init[1076]: ci-info: +-------+-------------+----------+---------------+-----------+-------+
[    6.084837] cloud-init[1076]: ci-info: | Route | Destination | Gateway  |    Genmask    | Interface | Flags |
[    6.085901] cloud-init[1076]: ci-info: +-------+-------------+----------+---------------+-----------+-------+
[    6.086996] cloud-init[1076]: ci-info: |   0   |   0.0.0.0   | 10.0.2.2 |    0.0.0.0    |   enp0s3  |   UG  |
[    6.088076] [[0;32m  OK  [0m] Started Initial cloud-init job (metadata service crawler).
[[0;32m  OK  [0m] Reached target Cloud-config availability.
[[0;32m  OK  [0m] Reached target Network is Online.
cloud-init[1076]: ci-info: |   1   |   10.0.2.0  | 0.0.0.0  | 255.255.255.0 |   enp0s3  |   U   |
[    6.090396] cloud-init[1076]: ci-info: |   2   |  10.32.16.0 | 0.0.0.0  | 255.255.255.0 |   enp0s8  |   U   |
[    6.091429] cloud-init[1076]: ci-info: +-------+-------------+----------+---------------+-----------+-------+
[    6.092577] cloud-init[1076]: ci-info: +++++++++++++++++++Route IPv6 info+++++++++++++++++++
[    6.093493] cloud-init[1076]: ci-info: +-------+-------------+---------+-----------+-------+
[    6.094454] cloud-init[1076]: ci-info: | Route | Destination | Gateway | Interface | Flags |
[    6.095419] cloud-init[1076]: ci-info: +-------+-------------+---------+-----------+-------+
[    6.096385] cloud-init[1076]: ci-info: |   0   |  fe80::/64  |    ::   |   enp0s8  |   U   |
[    6.097335] cloud-init[1076]: ci-info: |   1   |  fe80::/64  |    ::   |   enp0s3  |   U   |
[    6.098278] cloud-init[1076]: ci-info: |   4   |   ff00::/8  |    ::   |   enp0s8  |   U   |
[    6.099244] cloud-init[1076]: ci-info: |   5   |   ff00::/8  |    ::   |   enp0s3  |   U   |
[    6.100223]          Starting iSCSI initiator daemon (iscsid)...
[[0;32m  OK  [0m] Reached target System Initialization.
cloud-init[1076]: ci-info: +-------+-------------+---------+-----------+-------+
[[0;32m  OK  [0m] Started Message of the Day.
[[0;32m  OK  [0m] Listening on D-Bus System Message Bus Socket.
[[0;32m  OK  [0m] Listening on ACPID Listen Socket.
[[0;32m  OK  [0m] Started ACPI Events Check.
[[0;32m  OK  [0m] Reached target Paths.
[[0;32m  OK  [0m] Started Daily apt download activities.
[[0;32m  OK  [0m] Listening on UUID daemon activation socket.
[[0;32m  OK  [0m] Started Ubuntu Advantage update messaging.
         Starting LXD - unix socket.
[[0;32m  OK  [0m] Started Daily apt upgrade and clean activities.
[[0;32m  OK  [0m] Started Daily Cleanup of Temporary Directories.
[[0;32m  OK  [0m] Reached target Timers.
         Starting Socket activation for snappy daemon.
[[0;32m  OK  [0m] Listening on LXD - unix socket.
[[0;32m  OK  [0m] Listening on Socket activation for snappy daemon.
[[0;32m  OK  [0m] Reached target Sockets.
[[0;32m  OK  [0m] Reached target Basic System.
         Starting LSB: Record successful boot for GRUB...
         Starting System Logging Service...
         Starting /etc/rc.local Compatibility...
         Starting Snap Daemon...
         Starting Virtualbox guest utils...
         Starting A high performance web server and a reverse proxy server...
[[0;32m  OK  [0m] Started FUSE filesystem for LXC.
         Starting LSB: MD monitoring daemon...
[[0;32m  OK  [0m] Started Regular background program processing daemon.
[[0;32m  OK  [0m] Started ACPI event daemon.
         Starting OpenBSD Secure Shell server...
[[0;32m  OK  [0m] Started Deferred execution scheduler.
         Starting Accounts Service...
[[0;32m  OK  [0m] Started D-Bus System Message Bus.
         Starting Login Service...
         Starting LXD - container startup/shutdown...
[[0;32m  OK  [0m] Started System Logging Service.
[[0;32m  OK  [0m] Started iSCSI initiator daemon (iscsid).
[[0;32m  OK  [0m] Started /etc/rc.local Compatibility.
[[0;32m  OK  [0m] Started OpenBSD Secure Shell server.
         Starting Authenticate and Authorize Users to Run Privileged Tasks...
         Starting Login to default iSCSI targets...
[[0;32m  OK  [0m] Started Login Service.
[[0;32m  OK  [0m] Started LSB: Record successful boot for GRUB.
[[0;32m  OK  [0m] Started Unattended Upgrades Shutdown.
[[0;32m  OK  [0m] Started A high performance web server and a reverse proxy server.
[[0;32m  OK  [0m] Started Login to default iSCSI targets.
[[0;32m  OK  [0m] Reached target Remote File Systems (Pre).
         Mounting /vagrant...
[[0;1;31mFAILED[0m] Failed to mount /vagrant.
See 'systemctl status vagrant.mount' for details.
[[0;1;33mDEPEND[0m] Dependency failed for Remote File Systems.
[[0;32m  OK  [0m] Started LSB: MD monitoring daemon.
         Starting Permit User Sessions...
         Starting LSB: daemon to balance interrupts for SMP systems...
         Starting LSB: Set the CPU Frequency Scaling governor to "ondemand"...
         Starting LSB: automatic crash report generation...
[[0;32m  OK  [0m] Started Permit User Sessions.
[[0;32m  OK  [0m] Started Authenticate and Authorize Users to Run Privileged Tasks.
[[0;32m  OK  [0m] Started Accounts Service.
         Starting Terminate Plymouth Boot Screen...
         Starting Hold until boot process finishes up...
[[0;32m  OK  [0m] Started Hold until boot process finishes up.
[[0;32m  OK  [0m] Started Serial Getty on ttyS0.
         Starting Set console scheme...
[[0;32m  OK  [0m] Started Getty on tty1.
[[0;32m  OK  [0m] Reached target Login Prompts.
[[0;32m  OK  [0m] Started Set console scheme.
[[0;32m  OK  [0m] Started Terminate Plymouth Boot Screen.
[[0;32m  OK  [0m] Started LXD - container startup/shutdown.
[[0;32m  OK  [0m] Started LSB: Set the CPU Frequency Scaling governor to "ondemand".
[[0;32m  OK  [0m] Started LSB: daemon to balance interrupts for SMP systems.
[[0;32m  OK  [0m] Started Virtualbox guest utils.
[[0;32m  OK  [0m] Started LSB: automatic crash report generation.
[[0;32m  OK  [0m] Started Snap Daemon.
         Starting Wait until snapd is fully seeded...
[[0;32m  OK  [0m] Started Wait until snapd is fully seeded.
         Starting Apply the settings specified in cloud-config...
[[0;32m  OK  [0m] Reached target Multi-User System.
[[0;32m  OK  [0m] Reached target Graphical Interface.
         Starting Update UTMP about System Runlevel Changes...
[[0;32m  OK  [0m] Started Update UTMP about System Runlevel Changes.
[    6.620641] cloud-init[1345]: Cloud-init v. 21.1-19-gbad84ad4-0ubuntu1~16.04.2 running 'modules:config' at Mon, 30 Jan 2023 03:55:27 +0000. Up 6.57 seconds.
[[0;32m  OK  [0m] Started Apply the settings specified in cloud-config.
         Starting Execute cloud user/final scripts...
[    6.866697] cloud-init[1360]: Cloud-init v. 21.1-19-gbad84ad4-0ubuntu1~16.04.2 running 'modules:final' at Mon, 30 Jan 2023 03:55:27 +0000. Up 6.80 seconds.
[    6.868167] cloud-init[1360]: Cloud-init v. 21.1-19-gbad84ad4-0ubuntu1~16.04.2 finished at Mon, 30 Jan 2023 03:55:27 +0000. Datasource DataSourceNoCloud [seed=/dev/sdb][dsmode=net].  Up 6.86 seconds
[[0;32m  OK  [0m] Started Execute cloud user/final scripts.
[[0;32m  OK  [0m] Reached target Cloud-init target.

Ubuntu 16.04.7 LTS web01 ttyS0

web01 login: 